0 info it worked if it ends with ok
1 verbose cli [ 'C:\\Program Files (x86)\\Microsoft Visual Studio\\2017\\Professional\\Web\\External\\Node.exe',
1 verbose cli   'C:\\Program Files (x86)\\Microsoft Visual Studio\\2017\\Professional\\Web\\External\\node_modules\\npm\\bin\\npm-cli.js',
1 verbose cli   'install' ]
2 info using npm@3.3.4
3 info using node@v5.4.1
4 silly loadCurrentTree Starting
5 silly install loadCurrentTree
6 silly install readLocalPackageData
7 silly install normalizeTree
8 silly loadCurrentTree Finishing
9 silly loadIdealTree Starting
10 silly install loadIdealTree
11 silly cloneCurrentTree Starting
12 silly install cloneCurrentTreeToIdealTree
13 silly cloneCurrentTree Finishing
14 silly loadShrinkwrap Starting
15 silly install loadShrinkwrap
16 silly loadShrinkwrap Finishing
17 silly loadAllDepsIntoIdealTree Starting
18 silly install loadAllDepsIntoIdealTree
19 silly fetchNamedPackageData bindings
20 silly mapToRegistry name bindings
21 silly mapToRegistry using default registry
22 silly mapToRegistry registry https://registry.npmjs.org/
23 silly mapToRegistry uri https://registry.npmjs.org/bindings
24 silly fetchNamedPackageData file-uri-to-path
25 silly mapToRegistry name file-uri-to-path
26 silly mapToRegistry using default registry
27 silly mapToRegistry registry https://registry.npmjs.org/
28 silly mapToRegistry uri https://registry.npmjs.org/file-uri-to-path
29 verbose request uri https://registry.npmjs.org/bindings
30 verbose request always-auth set; sending authorization
31 info attempt registry request try #1 at 5:45:37 AM
32 info retry will retry, error on last attempt: Error: This request requires auth credentials. Run `npm login` and repeat the request.
33 verbose request uri https://registry.npmjs.org/file-uri-to-path
34 verbose request always-auth set; sending authorization
35 info attempt registry request try #1 at 5:45:37 AM
36 info retry will retry, error on last attempt: Error: This request requires auth credentials. Run `npm login` and repeat the request.
37 info attempt registry request try #2 at 5:45:47 AM
38 info retry will retry, error on last attempt: Error: This request requires auth credentials. Run `npm login` and repeat the request.
39 info attempt registry request try #2 at 5:45:47 AM
40 info retry will retry, error on last attempt: Error: This request requires auth credentials. Run `npm login` and repeat the request.
41 info attempt registry request try #3 at 5:46:47 AM
42 silly fetchPackageMetaData Error: This request requires auth credentials. Run `npm login` and repeat the request.
42 silly fetchPackageMetaData     at CachingRegistryClient.authify (C:\Program Files (x86)\Microsoft Visual Studio\2017\Professional\Web\External\node_modules\npm-registry-client\lib\authify.js:17:14)
42 silly fetchPackageMetaData     at CachingRegistryClient.makeRequest (C:\Program Files (x86)\Microsoft Visual Studio\2017\Professional\Web\External\node_modules\npm-registry-client\lib\request.js:103:17)
42 silly fetchPackageMetaData     at C:\Program Files (x86)\Microsoft Visual Studio\2017\Professional\Web\External\node_modules\npm-registry-client\lib\request.js:66:17
42 silly fetchPackageMetaData     at RetryOperation._fn (C:\Program Files (x86)\Microsoft Visual Studio\2017\Professional\Web\External\node_modules\npm-registry-client\lib\attempt.js:18:5)
42 silly fetchPackageMetaData     at null._onTimeout (C:\Program Files (x86)\Microsoft Visual Studio\2017\Professional\Web\External\node_modules\retry\lib\retry_operation.js:32:10)
42 silly fetchPackageMetaData     at Timer.listOnTimeout (timers.js:92:15)
42 silly fetchPackageMetaData  error for bindings@^1.5.0 [Error: This request requires auth credentials. Run `npm login` and repeat the request.]
43 info attempt registry request try #3 at 5:46:47 AM
44 silly fetchPackageMetaData Error: This request requires auth credentials. Run `npm login` and repeat the request.
44 silly fetchPackageMetaData     at CachingRegistryClient.authify (C:\Program Files (x86)\Microsoft Visual Studio\2017\Professional\Web\External\node_modules\npm-registry-client\lib\authify.js:17:14)
44 silly fetchPackageMetaData     at CachingRegistryClient.makeRequest (C:\Program Files (x86)\Microsoft Visual Studio\2017\Professional\Web\External\node_modules\npm-registry-client\lib\request.js:103:17)
44 silly fetchPackageMetaData     at C:\Program Files (x86)\Microsoft Visual Studio\2017\Professional\Web\External\node_modules\npm-registry-client\lib\request.js:66:17
44 silly fetchPackageMetaData     at RetryOperation._fn (C:\Program Files (x86)\Microsoft Visual Studio\2017\Professional\Web\External\node_modules\npm-registry-client\lib\attempt.js:18:5)
44 silly fetchPackageMetaData     at null._onTimeout (C:\Program Files (x86)\Microsoft Visual Studio\2017\Professional\Web\External\node_modules\retry\lib\retry_operation.js:32:10)
44 silly fetchPackageMetaData     at Timer.listOnTimeout (timers.js:92:15)
44 silly fetchPackageMetaData  error for file-uri-to-path@^1.0.0 [Error: This request requires auth credentials. Run `npm login` and repeat the request.]
45 silly rollbackFailedOptional Starting
46 silly rollbackFailedOptional Finishing
47 silly runTopLevelLifecycles Starting
48 silly runTopLevelLifecycles Finishing
49 silly install printInstalled
50 verbose stack Error: This request requires auth credentials. Run `npm login` and repeat the request.
50 verbose stack     at CachingRegistryClient.authify (C:\Program Files (x86)\Microsoft Visual Studio\2017\Professional\Web\External\node_modules\npm-registry-client\lib\authify.js:17:14)
50 verbose stack     at CachingRegistryClient.makeRequest (C:\Program Files (x86)\Microsoft Visual Studio\2017\Professional\Web\External\node_modules\npm-registry-client\lib\request.js:103:17)
50 verbose stack     at C:\Program Files (x86)\Microsoft Visual Studio\2017\Professional\Web\External\node_modules\npm-registry-client\lib\request.js:66:17
50 verbose stack     at RetryOperation._fn (C:\Program Files (x86)\Microsoft Visual Studio\2017\Professional\Web\External\node_modules\npm-registry-client\lib\attempt.js:18:5)
50 verbose stack     at null._onTimeout (C:\Program Files (x86)\Microsoft Visual Studio\2017\Professional\Web\External\node_modules\retry\lib\retry_operation.js:32:10)
50 verbose stack     at Timer.listOnTimeout (timers.js:92:15)
51 verbose cwd C:\Projects\DesignSystem
52 error Windows_NT 10.0.18362
53 error argv "C:\\Program Files (x86)\\Microsoft Visual Studio\\2017\\Professional\\Web\\External\\Node.exe" "C:\\Program Files (x86)\\Microsoft Visual Studio\\2017\\Professional\\Web\\External\\node_modules\\npm\\bin\\npm-cli.js" "install"
54 error node v5.4.1
55 error npm  v3.3.4
56 error This request requires auth credentials. Run `npm login` and repeat the request.
57 error If you need help, you may report this error at:
57 error     <https://github.com/npm/npm/issues>
58 verbose exit [ 1, true ]
